__main__-2022-03-15 17:31:55,237-DEBUG-デバッグログ
__main__-2022-03-15 17:31:55,241-INFO-インフォログ
__main__-2022-03-15 17:31:55,243-WARNING-ワーニングログ
__main__-2022-03-15 17:31:55,244-ERROR-エラーログ
__main__-2022-03-15 17:31:55,245-CRITICAL-クリティカルログ
__main__-2022-03-15 17:31:56,247-DEBUG-デバッグログ
__main__-2022-03-15 17:31:56,248-INFO-インフォログ
__main__-2022-03-15 17:31:56,250-WARNING-ワーニングログ
__main__-2022-03-15 17:31:56,253-ERROR-エラーログ
__main__-2022-03-15 17:31:56,253-CRITICAL-クリティカルログ
__main__-2022-03-15 17:31:57,255-DEBUG-デバッグログ
__main__-2022-03-15 17:31:57,256-INFO-インフォログ
__main__-2022-03-15 17:31:57,256-WARNING-ワーニングログ
__main__-2022-03-15 17:31:57,256-ERROR-エラーログ
__main__-2022-03-15 17:31:57,256-CRITICAL-クリティカルログ
__main__-2022-03-15 17:31:58,261-DEBUG-デバッグログ
__main__-2022-03-15 17:31:58,262-INFO-インフォログ
__main__-2022-03-15 17:31:58,263-WARNING-ワーニングログ
__main__-2022-03-15 17:31:58,263-ERROR-エラーログ
__main__-2022-03-15 17:31:58,263-CRITICAL-クリティカルログ
__main__-2022-03-15 17:31:59,267-DEBUG-デバッグログ
__main__-2022-03-15 17:31:59,267-INFO-インフォログ
__main__-2022-03-15 17:31:59,268-WARNING-ワーニングログ
__main__-2022-03-15 17:31:59,268-ERROR-エラーログ
__main__-2022-03-15 17:31:59,271-CRITICAL-クリティカルログ
__main__-2022-03-15 17:32:00,276-DEBUG-デバッグログ
__main__-2022-03-15 17:32:00,277-INFO-インフォログ
__main__-2022-03-15 17:32:00,278-WARNING-ワーニングログ
__main__-2022-03-15 17:32:00,279-ERROR-エラーログ
__main__-2022-03-15 17:32:00,279-CRITICAL-クリティカルログ
